<?xml version="1.0" encoding="UTF-8"?>
<!-- Generated by org.testng.reporters.JUnitReportReporter -->
<testsuite hostname="DESKTOP-3SH16SJ" failures="0" tests="1" name="DevOpsSeleniumPractise.DevOpsSeleniumPractise.Emirates" time="6.207" errors="0" timestamp="2023-01-15T20:07:38 GMT" skipped="0">
  <testcase classname="DevOpsSeleniumPractise.DevOpsSeleniumPractise.Emirates" name="emiratesLoginPage" time="6.207"/>
  <system-out/>
</testsuite> <!-- DevOpsSeleniumPractise.DevOpsSeleniumPractise.Emirates -->
