<?xml version="1.0" encoding="UTF-8"?>
<!-- Generated by org.testng.reporters.JUnitReportReporter -->
<testsuite hostname="DESKTOP-3SH16SJ" failures="0" tests="1" name="DevOpsSeleniumPractise.DevOpsSeleniumPractise.Spicejet" time="25.509" errors="0" timestamp="2023-01-23T18:25:31 GMT" skipped="0">
  <testcase classname="DevOpsSeleniumPractise.DevOpsSeleniumPractise.Spicejet" name="spicejetLoginPage" time="25.509"/>
  <system-out/>
</testsuite> <!-- DevOpsSeleniumPractise.DevOpsSeleniumPractise.Spicejet -->
